smartconfig/build/outputs/logs/manifest-merger-debug-report.txt
-- Merging decision tree log ---
manifest
ADDED from WifiConfig\smartconfig\AndroidManifest.xml:2:1-32:12
	package
		ADDED from WifiConfig\smartconfig\AndroidManifest.xml:3:7-38
	android:versionName
		ADDED from WifiConfig\smartconfig\AndroidManifest.xml:5:7-32
		INJECTED from WifiConfig\smartconfig\AndroidManifest.xml
		INJECTED from WifiConfig\smartconfig\AndroidManifest.xml
	android:versionCode
		ADDED from WifiConfig\smartconfig\AndroidManifest.xml:4:7-30
		INJECTED from WifiConfig\smartconfig\AndroidManifest.xml
		INJECTED from WifiConfig\smartconfig\AndroidManifest.xml
	xmlns:android
		ADDED from WifiConfig\smartconfig\AndroidManifest.xml:2:11-69
uses-sdk
ADDED from WifiConfig\smartconfig\AndroidManifest.xml:6:11-8:41
	android:targetSdkVersion
		ADDED from WifiConfig\smartconfig\AndroidManifest.xml:8:9-38
	android:minSdkVersion
		ADDED from WifiConfig\smartconfig\AndroidManifest.xml:7:9-35
		INJECTED from WifiConfig\smartconfig\AndroidManifest.xml
		INJECTED from WifiConfig\smartconfig\AndroidManifest.xml
application
ADDED from WifiConfig\smartconfig\AndroidManifest.xml:10:5-22:19
	android:label
		ADDED from WifiConfig\smartconfig\AndroidManifest.xml:10:18-50
	android:theme
		ADDED from WifiConfig\smartconfig\AndroidManifest.xml:11:10-41
activity#com.example.smartconfig.MainActivity
ADDED from WifiConfig\smartconfig\AndroidManifest.xml:13:9-19:20
	android:label
		ADDED from WifiConfig\smartconfig\AndroidManifest.xml:14:19-51
	android:name
		ADDED from WifiConfig\smartconfig\AndroidManifest.xml:13:19-70
intent-filter#android.intent.action.MAIN+android.intent.category.LAUNCHER
ADDED from WifiConfig\smartconfig\AndroidManifest.xml:15:13-18:29
action#android.intent.action.MAIN
ADDED from WifiConfig\smartconfig\AndroidManifest.xml:16:17-69
	android:name
		ADDED from WifiConfig\smartconfig\AndroidManifest.xml:16:25-66
category#android.intent.category.LAUNCHER
ADDED from WifiConfig\smartconfig\AndroidManifest.xml:17:17-77
	android:name
		ADDED from WifiConfig\smartconfig\AndroidManifest.xml:17:27-74
activity#com.example.smartconfig.AboutActivity
ADDED from WifiConfig\smartconfig\AndroidManifest.xml:21:9-73
	android:name
		ADDED from WifiConfig\smartconfig\AndroidManifest.xml:21:19-71
uses-permission#android.permission.INTERNET
ADDED from WifiConfig\smartconfig\AndroidManifest.xml:24:2-80
	android:name
		ADDED from WifiConfig\smartconfig\AndroidManifest.xml:24:19-61
uses-permission#android.permission.CHANGE_NETWORK_STATE
ADDED from WifiConfig\smartconfig\AndroidManifest.xml:25:3-26:23
	android:name
		ADDED from WifiConfig\smartconfig\AndroidManifest.xml:25:20-74
uses-permission#android.permission.CHANGE_WIFI_STATE
ADDED from WifiConfig\smartconfig\AndroidManifest.xml:27:5-28:23
	android:name
		ADDED from WifiConfig\smartconfig\AndroidManifest.xml:27:22-73
uses-permission#android.permission.ACCESS_NETWORK_STATE
ADDED from WifiConfig\smartconfig\AndroidManifest.xml:29:5-30:23
	android:name
		ADDED from WifiConfig\smartconfig\AndroidManifest.xml:29:22-76
uses-permission#android.permission.ACCESS_WIFI_STATE
ADDED from WifiConfig\smartconfig\AndroidManifest.xml:31:5-76
	android:name
		ADDED from WifiConfig\smartconfig\AndroidManifest.xml:31:22-73